<?xml version="1.0" encoding="UTF-8"?>
<!-- Generated by org.testng.reporters.JUnitXMLReporter -->
<testsuite ignored="0" hostname="DESKTOP-796GSE4" failures="0" tests="10" name="Surefire test" time="14.993" errors="0" timestamp="2026-05-05T21:49:49 ICT">
  <testcase classname="com.lab03.api.SchemaTest" name="schemaTest" time="2.389"/>
  <testcase classname="com.lab03.api.UserApiTest" name="getUserTest" time="0.913"/>
  <testcase classname="com.lab03.api.UserCreateTest" name="createUser" time="0.506"/>
  <testcase classname="com.lab03.api.UserGetTest" name="getUserById" time="0.26"/>
  <testcase classname="com.lab03.api.UserGetTest" name="getUserById" time="0.232"/>
  <testcase classname="com.lab03.api.UserGetTest" name="getUserById" time="0.312"/>
  <testcase classname="com.lab03.LoginTest" name="testLogin" time="1.139"/>
  <testcase classname="com.lab03.LoginTest" name="testLogin" time="0.992"/>
  <testcase classname="com.lab03.LoginTest" name="testLogin" time="0.91"/>
  <testcase classname="com.lab03.LoginTest" name="testLogin" time="0.911"/>
</testsuite> <!-- Surefire test -->
