<?xml version="1.0" encoding="UTF-8"?>
<testng-results ignored="0" total="1" passed="1" failed="0" skipped="0">
  <reporter-output>
  </reporter-output>
  <suite started-at="2026-05-05T23:44:55 ICT" name="Surefire suite" finished-at="2026-05-05T23:44:55 ICT" duration-ms="39">
    <groups>
    </groups>
    <test started-at="2026-05-05T23:44:55 ICT" name="Surefire test" finished-at="2026-05-05T23:44:55 ICT" duration-ms="39">
      <class name="lab04.AppTest">
        <test-method signature="shouldAnswerWithTrue()" started-at="2026-05-05T23:44:55 ICT" name="shouldAnswerWithTrue" finished-at="2026-05-05T23:44:55 ICT" duration-ms="5" status="PASS">
          <reporter-output>
          </reporter-output>
        </test-method> <!-- shouldAnswerWithTrue -->
      </class> <!-- lab04.AppTest -->
    </test> <!-- Surefire test -->
  </suite> <!-- Surefire suite -->
</testng-results>
