<?xml version="1.0" encoding="UTF-8"?>
<!-- Generated by org.testng.reporters.JUnitReportReporter -->
<testsuite hostname="DESKTOP-796GSE4" failures="0" tests="3" name="com.lab03.api.UserGetTest" time="1.114" errors="0" timestamp="2026-05-05T22:31:20 ICT" skipped="0">
  <testcase classname="com.lab03.api.UserGetTest" name="getUserById" time="0.502"/>
  <system-out/>
  <testcase classname="com.lab03.api.UserGetTest" name="getUserById" time="0.332"/>
  <system-out/>
  <testcase classname="com.lab03.api.UserGetTest" name="getUserById" time="0.280"/>
  <system-out/>
</testsuite> <!-- com.lab03.api.UserGetTest -->
