<?xml version="1.0" encoding="UTF-8"?>
<!-- Generated by org.testng.reporters.JUnitReportReporter -->
<testsuite hostname="DESKTOP-796GSE4" failures="0" tests="3" name="lab04.api.UserGetTest" time="0.646" errors="0" timestamp="2026-05-05T23:44:54 ICT" skipped="0">
  <testcase classname="lab04.api.UserGetTest" name="getUserById" time="0.181"/>
  <system-out/>
  <testcase classname="lab04.api.UserGetTest" name="getUserById" time="0.268"/>
  <system-out/>
  <testcase classname="lab04.api.UserGetTest" name="getUserById" time="0.197"/>
  <system-out/>
</testsuite> <!-- lab04.api.UserGetTest -->
