<?xml version="1.0" encoding="UTF-8"?>
<!-- Generated by org.testng.reporters.JUnitReportReporter -->
<testsuite hostname="DESKTOP-796GSE4" failures="0" tests="4" name="com.lab03.LoginTest" time="10.441" errors="0" timestamp="2026-05-05T22:38:46 ICT" skipped="0">
  <testcase classname="com.lab03.LoginTest" name="testLogin" time="3.700"/>
  <system-out/>
  <testcase classname="com.lab03.LoginTest" name="testLogin" time="2.212"/>
  <system-out/>
  <testcase classname="com.lab03.LoginTest" name="testLogin" time="2.153"/>
  <system-out/>
  <testcase classname="com.lab03.LoginTest" name="testLogin" time="2.376"/>
  <system-out/>
</testsuite> <!-- com.lab03.LoginTest -->
