<?xml version="1.0" encoding="UTF-8"?>
<!-- Generated by org.testng.reporters.JUnitReportReporter -->
<testsuite hostname="DESKTOP-796GSE4" failures="0" tests="4" name="com.lab03.LoginTest" time="12.259" errors="0" timestamp="2026-05-05T22:31:20 ICT" skipped="0">
  <testcase classname="com.lab03.LoginTest" name="testLogin" time="5.130"/>
  <system-out/>
  <testcase classname="com.lab03.LoginTest" name="testLogin" time="2.140"/>
  <system-out/>
  <testcase classname="com.lab03.LoginTest" name="testLogin" time="2.313"/>
  <system-out/>
  <testcase classname="com.lab03.LoginTest" name="testLogin" time="2.676"/>
  <system-out/>
</testsuite> <!-- com.lab03.LoginTest -->
