<?xml version="1.0" encoding="UTF-8"?>
<!-- Generated by org.testng.reporters.JUnitReportReporter -->
<testsuite hostname="DESKTOP-796GSE4" failures="0" tests="4" name="lab04.LoginTest" time="5.636" errors="0" timestamp="2026-05-05T23:44:54 ICT" skipped="0">
  <testcase classname="lab04.LoginTest" name="testLogin" time="1.284"/>
  <system-out/>
  <testcase classname="lab04.LoginTest" name="testLogin" time="1.351"/>
  <system-out/>
  <testcase classname="lab04.LoginTest" name="testLogin" time="1.677"/>
  <system-out/>
  <testcase classname="lab04.LoginTest" name="testLogin" time="1.324"/>
  <system-out/>
</testsuite> <!-- lab04.LoginTest -->
