<?xml version="1.0" encoding="UTF-8"?>
<!-- Generated by org.testng.reporters.JUnitReportReporter -->
<testsuite hostname="DESKTOP-796GSE4" failures="0" tests="3" name="com.lab03.api.UserGetTest" time="1.459" errors="0" timestamp="2026-05-05T22:38:46 ICT" skipped="0">
  <testcase classname="com.lab03.api.UserGetTest" name="getUserById" time="0.638"/>
  <system-out/>
  <testcase classname="com.lab03.api.UserGetTest" name="getUserById" time="0.426"/>
  <system-out/>
  <testcase classname="com.lab03.api.UserGetTest" name="getUserById" time="0.395"/>
  <system-out/>
</testsuite> <!-- com.lab03.api.UserGetTest -->
