<?xml version="1.0" encoding="UTF-8"?>
<testng-results ignored="0" total="10" passed="10" failed="0" skipped="0">
  <reporter-output>
  </reporter-output>
  <suite started-at="2026-05-05T21:49:34 ICT" name="Surefire suite" finished-at="2026-05-05T21:49:49 ICT" duration-ms="14993">
    <groups>
    </groups>
    <test started-at="2026-05-05T21:49:34 ICT" name="Surefire test" finished-at="2026-05-05T21:49:49 ICT" duration-ms="14993">
      <class name="com.lab03.api.SchemaTest">
        <test-method is-config="true" signature="setup()[pri:0, instance:com.lab03.api.SchemaTest@17c1bced]" started-at="2026-05-05T21:49:34 ICT" name="setup" finished-at="2026-05-05T21:49:35 ICT" duration-ms="599" status="PASS">
          <reporter-output>
          </reporter-output>
        </test-method> <!-- setup -->
        <test-method signature="schemaTest()[pri:0, instance:com.lab03.api.SchemaTest@17c1bced]" started-at="2026-05-05T21:49:35 ICT" name="schemaTest" finished-at="2026-05-05T21:49:37 ICT" duration-ms="2389" status="PASS">
          <reporter-output>
          </reporter-output>
        </test-method> <!-- schemaTest -->
      </class> <!-- com.lab03.api.SchemaTest -->
      <class name="com.lab03.api.UserApiTest">
        <test-method is-config="true" signature="setup()[pri:0, instance:com.lab03.api.UserApiTest@2d9d4f9d]" started-at="2026-05-05T21:49:37 ICT" name="setup" finished-at="2026-05-05T21:49:37 ICT" duration-ms="0" status="PASS">
          <reporter-output>
          </reporter-output>
        </test-method> <!-- setup -->
        <test-method signature="getUserTest()[pri:0, instance:com.lab03.api.UserApiTest@2d9d4f9d]" started-at="2026-05-05T21:49:37 ICT" name="getUserTest" finished-at="2026-05-05T21:49:38 ICT" duration-ms="913" status="PASS">
          <reporter-output>
          </reporter-output>
        </test-method> <!-- getUserTest -->
      </class> <!-- com.lab03.api.UserApiTest -->
      <class name="com.lab03.LoginTest">
        <test-method is-config="true" signature="setup()[pri:0, instance:com.lab03.LoginTest@53ca01a2]" started-at="2026-05-05T21:49:39 ICT" name="setup" finished-at="2026-05-05T21:49:41 ICT" duration-ms="1640" status="PASS">
          <reporter-output>
          </reporter-output>
        </test-method> <!-- setup -->
        <test-method signature="testLogin(java.lang.String,java.lang.String,java.lang.String)[pri:0, instance:com.lab03.LoginTest@53ca01a2]" started-at="2026-05-05T21:49:41 ICT" name="testLogin" data-provider="loginData" finished-at="2026-05-05T21:49:42 ICT" duration-ms="1139" status="PASS">
          <params>
            <param index="0">
              <value>
                <![CDATA[user1]]>
              </value>
            </param>
            <param index="1">
              <value>
                <![CDATA[pass1]]>
              </value>
            </param>
            <param index="2">
              <value>
                <![CDATA[SUCCESS]]>
              </value>
            </param>
          </params>
          <reporter-output>
          </reporter-output>
        </test-method> <!-- testLogin -->
        <test-method is-config="true" signature="teardown(org.testng.ITestResult)[pri:0, instance:com.lab03.LoginTest@53ca01a2]" started-at="2026-05-05T21:49:42 ICT" name="teardown" finished-at="2026-05-05T21:49:42 ICT" duration-ms="259" status="PASS">
          <params>
            <param index="0">
              <value>
                <![CDATA[[TestResult name=testLogin status=SUCCESS method=LoginTest.testLogin(java.lang.String,java.lang.String,java.lang.String)[pri:0, instance:com.lab03.LoginTest@53ca01a2] output={null}]]]>
              </value>
            </param>
          </params>
          <reporter-output>
          </reporter-output>
        </test-method> <!-- teardown -->
        <test-method is-config="true" signature="setup()[pri:0, instance:com.lab03.LoginTest@53ca01a2]" started-at="2026-05-05T21:49:42 ICT" name="setup" finished-at="2026-05-05T21:49:43 ICT" duration-ms="994" status="PASS">
          <reporter-output>
          </reporter-output>
        </test-method> <!-- setup -->
        <test-method signature="testLogin(java.lang.String,java.lang.String,java.lang.String)[pri:0, instance:com.lab03.LoginTest@53ca01a2]" started-at="2026-05-05T21:49:43 ICT" name="testLogin" data-provider="loginData" finished-at="2026-05-05T21:49:44 ICT" duration-ms="992" status="PASS">
          <params>
            <param index="0">
              <value>
                <![CDATA[wrong]]>
              </value>
            </param>
            <param index="1">
              <value>
                <![CDATA[pass1]]>
              </value>
            </param>
            <param index="2">
              <value>
                <![CDATA[FAILED]]>
              </value>
            </param>
          </params>
          <reporter-output>
          </reporter-output>
        </test-method> <!-- testLogin -->
        <test-method is-config="true" signature="teardown(org.testng.ITestResult)[pri:0, instance:com.lab03.LoginTest@53ca01a2]" started-at="2026-05-05T21:49:44 ICT" name="teardown" finished-at="2026-05-05T21:49:45 ICT" duration-ms="452" status="PASS">
          <params>
            <param index="0">
              <value>
                <![CDATA[[TestResult name=testLogin status=SUCCESS method=LoginTest.testLogin(java.lang.String,java.lang.String,java.lang.String)[pri:0, instance:com.lab03.LoginTest@53ca01a2] output={null}]]]>
              </value>
            </param>
          </params>
          <reporter-output>
          </reporter-output>
        </test-method> <!-- teardown -->
        <test-method is-config="true" signature="setup()[pri:0, instance:com.lab03.LoginTest@53ca01a2]" started-at="2026-05-05T21:49:45 ICT" name="setup" finished-at="2026-05-05T21:49:46 ICT" duration-ms="950" status="PASS">
          <reporter-output>
          </reporter-output>
        </test-method> <!-- setup -->
        <test-method signature="testLogin(java.lang.String,java.lang.String,java.lang.String)[pri:0, instance:com.lab03.LoginTest@53ca01a2]" started-at="2026-05-05T21:49:46 ICT" name="testLogin" data-provider="loginData" finished-at="2026-05-05T21:49:47 ICT" duration-ms="910" status="PASS">
          <params>
            <param index="0">
              <value>
                <![CDATA[user1]]>
              </value>
            </param>
            <param index="1">
              <value>
                <![CDATA[wrong]]>
              </value>
            </param>
            <param index="2">
              <value>
                <![CDATA[FAILED]]>
              </value>
            </param>
          </params>
          <reporter-output>
          </reporter-output>
        </test-method> <!-- testLogin -->
        <test-method is-config="true" signature="teardown(org.testng.ITestResult)[pri:0, instance:com.lab03.LoginTest@53ca01a2]" started-at="2026-05-05T21:49:47 ICT" name="teardown" finished-at="2026-05-05T21:49:47 ICT" duration-ms="267" status="PASS">
          <params>
            <param index="0">
              <value>
                <![CDATA[[TestResult name=testLogin status=SUCCESS method=LoginTest.testLogin(java.lang.String,java.lang.String,java.lang.String)[pri:0, instance:com.lab03.LoginTest@53ca01a2] output={null}]]]>
              </value>
            </param>
          </params>
          <reporter-output>
          </reporter-output>
        </test-method> <!-- teardown -->
        <test-method is-config="true" signature="setup()[pri:0, instance:com.lab03.LoginTest@53ca01a2]" started-at="2026-05-05T21:49:47 ICT" name="setup" finished-at="2026-05-05T21:49:48 ICT" duration-ms="960" status="PASS">
          <reporter-output>
          </reporter-output>
        </test-method> <!-- setup -->
        <test-method signature="testLogin(java.lang.String,java.lang.String,java.lang.String)[pri:0, instance:com.lab03.LoginTest@53ca01a2]" started-at="2026-05-05T21:49:48 ICT" name="testLogin" data-provider="loginData" finished-at="2026-05-05T21:49:49 ICT" duration-ms="911" status="PASS">
          <params>
            <param index="0">
              <value>
                <![CDATA[user2]]>
              </value>
            </param>
            <param index="1">
              <value>
                <![CDATA[wrong]]>
              </value>
            </param>
            <param index="2">
              <value>
                <![CDATA[FAILED]]>
              </value>
            </param>
          </params>
          <reporter-output>
          </reporter-output>
        </test-method> <!-- testLogin -->
        <test-method is-config="true" signature="teardown(org.testng.ITestResult)[pri:0, instance:com.lab03.LoginTest@53ca01a2]" started-at="2026-05-05T21:49:49 ICT" name="teardown" finished-at="2026-05-05T21:49:49 ICT" duration-ms="256" status="PASS">
          <params>
            <param index="0">
              <value>
                <![CDATA[[TestResult name=testLogin status=SUCCESS method=LoginTest.testLogin(java.lang.String,java.lang.String,java.lang.String)[pri:0, instance:com.lab03.LoginTest@53ca01a2] output={null}]]]>
              </value>
            </param>
          </params>
          <reporter-output>
          </reporter-output>
        </test-method> <!-- teardown -->
      </class> <!-- com.lab03.LoginTest -->
      <class name="com.lab03.api.UserCreateTest">
        <test-method is-config="true" signature="setup()[pri:0, instance:com.lab03.api.UserCreateTest@4034c28c]" started-at="2026-05-05T21:49:38 ICT" name="setup" finished-at="2026-05-05T21:49:38 ICT" duration-ms="0" status="PASS">
          <reporter-output>
          </reporter-output>
        </test-method> <!-- setup -->
        <test-method signature="createUser()[pri:0, instance:com.lab03.api.UserCreateTest@4034c28c]" started-at="2026-05-05T21:49:38 ICT" name="createUser" finished-at="2026-05-05T21:49:38 ICT" duration-ms="506" status="PASS">
          <reporter-output>
          </reporter-output>
        </test-method> <!-- createUser -->
      </class> <!-- com.lab03.api.UserCreateTest -->
      <class name="com.lab03.api.UserGetTest">
        <test-method is-config="true" signature="setup()[pri:0, instance:com.lab03.api.UserGetTest@e50a6f6]" started-at="2026-05-05T21:49:38 ICT" name="setup" finished-at="2026-05-05T21:49:38 ICT" duration-ms="1" status="PASS">
          <reporter-output>
          </reporter-output>
        </test-method> <!-- setup -->
        <test-method signature="getUserById(int)[pri:0, instance:com.lab03.api.UserGetTest@e50a6f6]" started-at="2026-05-05T21:49:38 ICT" name="getUserById" data-provider="userIds" finished-at="2026-05-05T21:49:39 ICT" duration-ms="260" status="PASS">
          <params>
            <param index="0">
              <value>
                <![CDATA[1]]>
              </value>
            </param>
          </params>
          <reporter-output>
          </reporter-output>
        </test-method> <!-- getUserById -->
        <test-method signature="getUserById(int)[pri:0, instance:com.lab03.api.UserGetTest@e50a6f6]" started-at="2026-05-05T21:49:39 ICT" name="getUserById" data-provider="userIds" finished-at="2026-05-05T21:49:39 ICT" duration-ms="232" status="PASS">
          <params>
            <param index="0">
              <value>
                <![CDATA[2]]>
              </value>
            </param>
          </params>
          <reporter-output>
          </reporter-output>
        </test-method> <!-- getUserById -->
        <test-method signature="getUserById(int)[pri:0, instance:com.lab03.api.UserGetTest@e50a6f6]" started-at="2026-05-05T21:49:39 ICT" name="getUserById" data-provider="userIds" finished-at="2026-05-05T21:49:39 ICT" duration-ms="312" status="PASS">
          <params>
            <param index="0">
              <value>
                <![CDATA[3]]>
              </value>
            </param>
          </params>
          <reporter-output>
          </reporter-output>
        </test-method> <!-- getUserById -->
      </class> <!-- com.lab03.api.UserGetTest -->
    </test> <!-- Surefire test -->
  </suite> <!-- Surefire suite -->
</testng-results>
