<?xml version="1.0" encoding="UTF-8"?>
<!-- Generated by org.testng.reporters.JUnitXMLReporter -->
<testsuite ignored="0" hostname="DESKTOP-796GSE4" failures="0" tests="10" name="Surefire test" time="17.255" errors="0" timestamp="2026-05-05T22:38:46 ICT">
  <testcase classname="com.lab03.api.SchemaTest" name="schemaTest" time="2.681"/>
  <testcase classname="com.lab03.api.UserApiTest" name="getUserTest" time="1.398"/>
  <testcase classname="com.lab03.api.UserCreateTest" name="createUser" time="0.616"/>
  <testcase classname="com.lab03.api.UserGetTest" name="getUserById" time="0.638"/>
  <testcase classname="com.lab03.api.UserGetTest" name="getUserById" time="0.426"/>
  <testcase classname="com.lab03.api.UserGetTest" name="getUserById" time="0.395"/>
  <testcase classname="com.lab03.LoginTest" name="testLogin" time="1.138"/>
  <testcase classname="com.lab03.LoginTest" name="testLogin" time="1.071"/>
  <testcase classname="com.lab03.LoginTest" name="testLogin" time="0.921"/>
  <testcase classname="com.lab03.LoginTest" name="testLogin" time="0.889"/>
</testsuite> <!-- Surefire test -->
