<?xml version="1.0" encoding="UTF-8"?>
<!-- Generated by org.testng.reporters.JUnitXMLReporter -->
<testsuite ignored="0" hostname="DESKTOP-796GSE4" failures="0" tests="10" name="Surefire test" time="24.108" errors="0" timestamp="2026-05-05T23:44:54 ICT">
  <testcase classname="lab04.api.SchemaTest" name="schemaTest" time="0.578"/>
  <testcase classname="lab04.api.UserApiTest" name="getUserTest" time="0.373"/>
  <testcase classname="lab04.api.UserCreateTest" name="createUser" time="1.031"/>
  <testcase classname="lab04.api.UserGetTest" name="getUserById" time="0.268"/>
  <testcase classname="lab04.api.UserGetTest" name="getUserById" time="0.181"/>
  <testcase classname="lab04.api.UserGetTest" name="getUserById" time="0.197"/>
  <testcase classname="lab04.LoginTest" name="testLogin" time="0.247"/>
  <testcase classname="lab04.LoginTest" name="testLogin" time="0.234"/>
  <testcase classname="lab04.LoginTest" name="testLogin" time="0.229"/>
  <testcase classname="lab04.LoginTest" name="testLogin" time="0.214"/>
</testsuite> <!-- Surefire test -->
