<?xml version="1.0" encoding="UTF-8"?>
<testsuite xmlns:xsi="http://www.w3.org/2001/XMLSchema-instance" xsi:noNamespaceSchemaLocation="https://maven.apache.org/surefire/maven-surefire-plugin/xsd/surefire-test-report.xsd" name="TestSuite" time="24.666" tests="11" errors="0" skipped="0" failures="0">
  <properties>
[...]
</properties>
  <testcase name="schemaTest" classname="lab04.api.SchemaTest" time="0.581"/>
  <testcase name="getUserTest" classname="lab04.api.UserApiTest" time="0.373"/>
  <testcase name="createUser" classname="lab04.api.UserCreateTest" time="1.032"/>
  <testcase name="getUserById" classname="lab04.api.UserGetTest" time="0.269"/>
  <testcase name="getUserById" classname="lab04.api.UserGetTest" time="0.182"/>
  <testcase name="getUserById" classname="lab04.api.UserGetTest" time="0.198"/>
  <testcase name="testLogin" classname="lab04.LoginTest" time="0.248"/>
  <testcase name="testLogin" classname="lab04.LoginTest" time="0.232"/>
  <testcase name="testLogin" classname="lab04.LoginTest" time="0.229"/>
  <testcase name="testLogin" classname="lab04.LoginTest" time="0.214"/>
  <testcase name="shouldAnswerWithTrue on shouldAnswerWithTrue(lab04.AppTest)" classname="lab04.AppTest" time="0.001"/>
</testsuite>